<?xml version="1.0" encoding="UTF-8"?>
<!-- Generated by org.testng.reporters.JUnitXMLReporter -->
<testsuite ignored="1" hostname="Rajee-Personal" failures="0" tests="1" name="opencartTests" time="7.073" errors="0" timestamp="2022-07-01T15:06:49 IST">
  <testcase classname="testCases.TC_001_AccountRegistration" name="test_account_registration" time="4.057"/>
  <testcase classname="testCases.TC_002_Login" name="test_Login" time="0.0">
    <ignored/>
  </testcase> <!-- test_Login -->
</testsuite> <!-- opencartTests -->
